<?xml version="1.0" encoding="utf-8"?><testsuites package="tslint"><testsuite name="C:/kronos/projects/prometheus-exporter-circleci/src/utils.ts" errors="0"><testcase name="C:/kronos/projects/prometheus-exporter-circleci/src/utils.ts" /></testsuite><testsuite name="C:/kronos/projects/prometheus-exporter-circleci/src/current-scrape-status.ts" errors="0"><testcase name="C:/kronos/projects/prometheus-exporter-circleci/src/current-scrape-status.ts" /></testsuite><testsuite name="C:/kronos/projects/prometheus-exporter-circleci/src/builds-filter.ts" errors="0"><testcase name="C:/kronos/projects/prometheus-exporter-circleci/src/builds-filter.ts" /></testsuite><testsuite name="C:/kronos/projects/prometheus-exporter-circleci/src/config.ts" errors="0"><testcase name="C:/kronos/projects/prometheus-exporter-circleci/src/config.ts" /></testsuite><testsuite name="C:/kronos/projects/prometheus-exporter-circleci/src/logger.ts" errors="0"><testcase name="C:/kronos/projects/prometheus-exporter-circleci/src/logger.ts" /></testsuite><testsuite name="C:/kronos/projects/prometheus-exporter-circleci/src/paging-options.ts" errors="0"><testcase name="C:/kronos/projects/prometheus-exporter-circleci/src/paging-options.ts" /></testsuite><testsuite name="C:/kronos/projects/prometheus-exporter-circleci/src/scrape-status.ts" errors="0"><testcase name="C:/kronos/projects/prometheus-exporter-circleci/src/scrape-status.ts" /></testsuite><testsuite name="C:/kronos/projects/prometheus-exporter-circleci/src/circleci-client.ts" errors="0"><testcase name="C:/kronos/projects/prometheus-exporter-circleci/src/circleci-client.ts" /></testsuite><testsuite name="C:/kronos/projects/prometheus-exporter-circleci/src/metrics.ts" errors="0"><testcase name="C:/kronos/projects/prometheus-exporter-circleci/src/metrics.ts" /></testsuite><testsuite name="C:/kronos/projects/prometheus-exporter-circleci/src/circleci-exporter.ts" errors="0"><testcase name="C:/kronos/projects/prometheus-exporter-circleci/src/circleci-exporter.ts" /></testsuite><testsuite name="C:/kronos/projects/prometheus-exporter-circleci/src/app.ts" errors="0"><testcase name="C:/kronos/projects/prometheus-exporter-circleci/src/app.ts" /></testsuite></testsuites>
